<?xml version="1.0" encoding="UTF-8"?>
<!-- Generated by org.testng.reporters.JUnitXMLReporter -->
<testsuite ignored="0" hostname="MUTHULAPTOP" failures="0" tests="3" name="No Commonsense Test" time="21.442" errors="0" timestamp="2025-02-03T15:05:11 IST">
  <testcase classname="tetngclasses.AnnotationParameters" name="clickRadio" time="2.216"/>
  <testcase classname="tetngclasses.AnnotationParameters" name="anotherAlert" time="9.332"/>
  <testcase classname="tetngclasses.AnnotationParameters" name="alertMe" time="9.262"/>
</testsuite> <!-- No Commonsense Test -->
