<?xml version="1.0" encoding="UTF-8"?>
<!-- Generated by org.testng.reporters.JUnitXMLReporter -->
<testsuite ignored="0" hostname="MUTHULAPTOP" failures="0" tests="3" name="Default test" time="19.472" errors="0" timestamp="2025-02-12T13:16:32 IST">
  <testcase classname="tests.MultiplTestCases" name="chechNaam" time="0.183"/>
  <testcase classname="tests.MultiplTestCases" name="chechName" time="0.086"/>
  <testcase classname="tests.MultiplTestCases" name="chechNames" time="0.144"/>
</testsuite> <!-- Default test -->
