<?xml version="1.0" encoding="UTF-8"?>
<testng-results ignored="0" total="1" passed="1" failed="0" skipped="0">
  <reporter-output>
  </reporter-output>
  <suite started-at="2025-02-15T13:48:17 IST" name="NoBroker Test Suite" finished-at="2025-02-15T13:48:52 IST" duration-ms="35068">
    <groups>
    </groups>
    <test started-at="2025-02-15T13:48:17 IST" name="Login Test" finished-at="2025-02-15T13:48:52 IST" duration-ms="35068">
      <class name="tests.LoginTest">
        <test-method is-config="true" signature="setupScenario()[pri:0, instance:tests.LoginTest@6aaceffd]" started-at="2025-02-15T13:48:16 IST" name="setupScenario" finished-at="2025-02-15T13:48:17 IST" duration-ms="312" status="PASS">
          <reporter-output>
          </reporter-output>
        </test-method> <!-- setupScenario -->
        <test-method is-config="true" signature="setup()[pri:0, instance:tests.LoginTest@6aaceffd]" started-at="2025-02-15T13:48:17 IST" name="setup" finished-at="2025-02-15T13:48:18 IST" duration-ms="1648" status="PASS">
          <reporter-output>
          </reporter-output>
        </test-method> <!-- setup -->
        <test-method is-config="true" signature="beforeTestMethod(org.testng.ITestResult)[pri:0, instance:tests.LoginTest@6aaceffd]" started-at="2025-02-15T13:48:18 IST" name="beforeTestMethod" finished-at="2025-02-15T13:48:18 IST" duration-ms="8" status="PASS">
          <params>
            <param index="0">
              <value>
                <![CDATA[[TestResult name={null} status=CREATED method=LoginTest.loginToNoBroker()[pri:0, instance:tests.LoginTest@6aaceffd] output={null}]]]>
              </value>
            </param>
          </params>
          <reporter-output>
          </reporter-output>
        </test-method> <!-- beforeTestMethod -->
        <test-method signature="loginToNoBroker()[pri:0, instance:tests.LoginTest@6aaceffd]" started-at="2025-02-15T13:48:18 IST" name="loginToNoBroker" finished-at="2025-02-15T13:48:51 IST" duration-ms="32801" status="PASS">
          <reporter-output>
          </reporter-output>
        </test-method> <!-- loginToNoBroker -->
        <test-method is-config="true" signature="tearDown()[pri:0, instance:tests.LoginTest@6aaceffd]" started-at="2025-02-15T13:48:51 IST" name="tearDown" finished-at="2025-02-15T13:48:52 IST" duration-ms="567" status="PASS">
          <reporter-output>
          </reporter-output>
        </test-method> <!-- tearDown -->
      </class> <!-- tests.LoginTest -->
    </test> <!-- Login Test -->
  </suite> <!-- NoBroker Test Suite -->
</testng-results>
