<?xml version="1.0" encoding="UTF-8"?>
<testng-results ignored="1" total="2" passed="1" failed="0" skipped="0">
  <reporter-output>
  </reporter-output>
  <suite started-at="2025-02-03T17:35:52 IST" name="Suite" finished-at="2025-02-03T17:36:08 IST" duration-ms="15851">
    <groups>
    </groups>
    <test started-at="2025-02-03T17:35:52 IST" name="Test" finished-at="2025-02-03T17:36:08 IST" duration-ms="15851">
      <class name="testngclasses.BookTicket">
        <test-method is-config="true" signature="navigate()[pri:0, instance:testngclasses.BookTicket@c35172e]" started-at="2025-02-03T17:35:52 IST" name="navigate" finished-at="2025-02-03T17:35:53 IST" duration-ms="405" status="PASS">
          <reporter-output>
          </reporter-output>
        </test-method> <!-- navigate -->
        <test-method signature="searchForTrains()[pri:0, instance:testngclasses.BookTicket@c35172e]" started-at="2025-02-03T17:35:53 IST" name="searchForTrains" finished-at="2025-02-03T17:36:08 IST" duration-ms="15395" status="PASS">
          <reporter-output>
          </reporter-output>
        </test-method> <!-- searchForTrains -->
      </class> <!-- testngclasses.BookTicket -->
    </test> <!-- Test -->
  </suite> <!-- Suite -->
</testng-results>
