<?xml version="1.0" encoding="UTF-8"?>
<!-- Generated by org.testng.reporters.JUnitXMLReporter -->
<testsuite ignored="0" hostname="MUTHULAPTOP" failures="1" tests="1" name="Test" time="0.066" errors="0" timestamp="2025-02-07T15:56:47 IST">
  <testcase classname="testngclasses.TestDriverSetup" name="testTerms" time="0.019">
    <failure type="java.lang.NullPointerException" message="Cannot invoke &amp;quot;org.openqa.selenium.WebDriver.findElement(org.openqa.selenium.By)&amp;quot; because &amp;quot;testngclasses.TestDriverSetup.driver&amp;quot; is null">
      <![CDATA[java.lang.NullPointerException: Cannot invoke "org.openqa.selenium.WebDriver.findElement(org.openqa.selenium.By)" because "testngclasses.TestDriverSetup.driver" is null
at testngclasses.TestDriverSetup.testTerms(TestDriverSetup.java:23)
at java.base/java.util.ArrayList.forEach(ArrayList.java:1597)
... Removed 25 stack frames]]>
    </failure>
  </testcase> <!-- testTerms -->
</testsuite> <!-- Test -->
