<?xml version="1.0" encoding="UTF-8"?>
<!-- Generated by org.testng.reporters.JUnitXMLReporter -->
<testsuite ignored="0" hostname="MUTHULAPTOP" failures="1" tests="3" name="Test" time="0.794" errors="0" timestamp="2025-02-05T05:56:54 IST">
  <testcase classname="testngclasses.CheckReport" name="testFailed" time="0.015">
    <failure type="java.lang.AssertionError" message="expected [true] but found [false]">
      <![CDATA[java.lang.AssertionError: expected [true] but found [false]
at testngclasses.CheckReport.testFailed(CheckReport.java:20)
at java.base/java.util.ArrayList.forEach(ArrayList.java:1597)
... Removed 29 stack frames]]>
    </failure>
  </testcase> <!-- testFailed -->
  <testcase classname="testngclasses.CheckReport" name="testPassed" time="0.002"/>
  <testcase classname="testngclasses.CheckReport" name="testSkipped" time="0.001">
    <skipped/>
  </testcase> <!-- testSkipped -->
</testsuite> <!-- Test -->
