<?xml version="1.0" encoding="UTF-8"?>
<testng-results ignored="0" total="3" passed="3" failed="0" skipped="0">
  <reporter-output>
  </reporter-output>
  <suite started-at="2025-02-12T13:16:13 IST" name="Default suite" finished-at="2025-02-12T13:16:32 IST" duration-ms="19472">
    <groups>
    </groups>
    <test started-at="2025-02-12T13:16:13 IST" name="Default test" finished-at="2025-02-12T13:16:32 IST" duration-ms="19472">
      <class name="tests.MultiplTestCases">
        <test-method is-config="true" signature="init()[pri:0, instance:tests.MultiplTestCases@2df3b89c]" started-at="2025-02-12T13:16:13 IST" name="init" finished-at="2025-02-12T13:16:21 IST" duration-ms="7627" status="PASS">
          <reporter-output>
          </reporter-output>
        </test-method> <!-- init -->
        <test-method signature="chechNaam()[pri:0, instance:tests.MultiplTestCases@2df3b89c]" started-at="2025-02-12T13:16:21 IST" name="chechNaam" finished-at="2025-02-12T13:16:21 IST" duration-ms="183" status="PASS">
          <reporter-output>
          </reporter-output>
        </test-method> <!-- chechNaam -->
        <test-method is-config="true" signature="tearDown()[pri:0, instance:tests.MultiplTestCases@2df3b89c]" started-at="2025-02-12T13:16:21 IST" name="tearDown" finished-at="2025-02-12T13:16:21 IST" duration-ms="274" status="PASS">
          <reporter-output>
          </reporter-output>
        </test-method> <!-- tearDown -->
        <test-method is-config="true" signature="init()[pri:0, instance:tests.MultiplTestCases@2df3b89c]" started-at="2025-02-12T13:16:21 IST" name="init" finished-at="2025-02-12T13:16:26 IST" duration-ms="5004" status="PASS">
          <reporter-output>
          </reporter-output>
        </test-method> <!-- init -->
        <test-method signature="chechName()[pri:0, instance:tests.MultiplTestCases@2df3b89c]" started-at="2025-02-12T13:16:26 IST" name="chechName" finished-at="2025-02-12T13:16:26 IST" duration-ms="86" status="PASS">
          <reporter-output>
          </reporter-output>
        </test-method> <!-- chechName -->
        <test-method is-config="true" signature="tearDown()[pri:0, instance:tests.MultiplTestCases@2df3b89c]" started-at="2025-02-12T13:16:26 IST" name="tearDown" finished-at="2025-02-12T13:16:26 IST" duration-ms="239" status="PASS">
          <reporter-output>
          </reporter-output>
        </test-method> <!-- tearDown -->
        <test-method is-config="true" signature="init()[pri:0, instance:tests.MultiplTestCases@2df3b89c]" started-at="2025-02-12T13:16:26 IST" name="init" finished-at="2025-02-12T13:16:32 IST" duration-ms="5612" status="PASS">
          <reporter-output>
          </reporter-output>
        </test-method> <!-- init -->
        <test-method signature="chechNames()[pri:0, instance:tests.MultiplTestCases@2df3b89c]" started-at="2025-02-12T13:16:32 IST" name="chechNames" finished-at="2025-02-12T13:16:32 IST" duration-ms="144" status="PASS">
          <reporter-output>
          </reporter-output>
        </test-method> <!-- chechNames -->
        <test-method is-config="true" signature="tearDown()[pri:0, instance:tests.MultiplTestCases@2df3b89c]" started-at="2025-02-12T13:16:32 IST" name="tearDown" finished-at="2025-02-12T13:16:32 IST" duration-ms="244" status="PASS">
          <reporter-output>
          </reporter-output>
        </test-method> <!-- tearDown -->
      </class> <!-- tests.MultiplTestCases -->
    </test> <!-- Default test -->
  </suite> <!-- Default suite -->
</testng-results>
