<?xml version="1.0" encoding="UTF-8"?>
<testng-results ignored="0" total="4" passed="4" failed="0" skipped="0">
  <reporter-output>
  </reporter-output>
  <suite started-at="2025-02-14T23:10:15 IST" name="Suite" finished-at="2025-02-14T23:10:15 IST" duration-ms="97">
    <groups>
    </groups>
    <test started-at="2025-02-14T23:10:15 IST" name="Test" finished-at="2025-02-14T23:10:15 IST" duration-ms="97">
      <class name="tests.SampleTest2">
        <test-method is-config="true" signature="setUpTest(org.testng.ITestResult)[pri:0, instance:tests.SampleTest2@37883b97]" started-at="2025-02-14T23:10:15 IST" name="setUpTest" finished-at="2025-02-14T23:10:15 IST" duration-ms="1" status="PASS">
          <params>
            <param index="0">
              <value>
                <![CDATA[[TestResult name={null} status=CREATED method=SampleTest2.testCase3()[pri:0, instance:tests.SampleTest2@37883b97] output={null}]]]>
              </value>
            </param>
          </params>
          <reporter-output>
          </reporter-output>
        </test-method> <!-- setUpTest -->
        <test-method signature="testCase3()[pri:0, instance:tests.SampleTest2@37883b97]" started-at="2025-02-14T23:10:15 IST" name="testCase3" finished-at="2025-02-14T23:10:15 IST" duration-ms="5" status="PASS">
          <reporter-output>
          </reporter-output>
        </test-method> <!-- testCase3 -->
        <test-method is-config="true" signature="getTestStatus(org.testng.ITestResult)[pri:0, instance:tests.SampleTest2@37883b97]" started-at="2025-02-14T23:10:15 IST" name="getTestStatus" finished-at="2025-02-14T23:10:15 IST" duration-ms="3" status="PASS">
          <params>
            <param index="0">
              <value>
                <![CDATA[[TestResult name=testCase3 status=SUCCESS method=SampleTest2.testCase3()[pri:0, instance:tests.SampleTest2@37883b97] output={null}]]]>
              </value>
            </param>
          </params>
          <reporter-output>
          </reporter-output>
        </test-method> <!-- getTestStatus -->
        <test-method is-config="true" signature="setUpTest(org.testng.ITestResult)[pri:0, instance:tests.SampleTest2@37883b97]" started-at="2025-02-14T23:10:15 IST" name="setUpTest" finished-at="2025-02-14T23:10:15 IST" duration-ms="1" status="PASS">
          <params>
            <param index="0">
              <value>
                <![CDATA[[TestResult name={null} status=CREATED method=SampleTest2.testCase4()[pri:0, instance:tests.SampleTest2@37883b97] output={null}]]]>
              </value>
            </param>
          </params>
          <reporter-output>
          </reporter-output>
        </test-method> <!-- setUpTest -->
        <test-method signature="testCase4()[pri:0, instance:tests.SampleTest2@37883b97]" started-at="2025-02-14T23:10:15 IST" name="testCase4" finished-at="2025-02-14T23:10:15 IST" duration-ms="2" status="PASS">
          <reporter-output>
          </reporter-output>
        </test-method> <!-- testCase4 -->
        <test-method is-config="true" signature="getTestStatus(org.testng.ITestResult)[pri:0, instance:tests.SampleTest2@37883b97]" started-at="2025-02-14T23:10:15 IST" name="getTestStatus" finished-at="2025-02-14T23:10:15 IST" duration-ms="4" status="PASS">
          <params>
            <param index="0">
              <value>
                <![CDATA[[TestResult name=testCase4 status=SUCCESS method=SampleTest2.testCase4()[pri:0, instance:tests.SampleTest2@37883b97] output={null}]]]>
              </value>
            </param>
          </params>
          <reporter-output>
          </reporter-output>
        </test-method> <!-- getTestStatus -->
      </class> <!-- tests.SampleTest2 -->
      <class name="tests.SampleTest1">
        <test-method is-config="true" signature="initializeReporters()[pri:0, instance:tests.SampleTest1@10aa41f2]" started-at="2025-02-14T23:10:15 IST" name="initializeReporters" finished-at="2025-02-14T23:10:15 IST" duration-ms="263" status="PASS">
          <reporter-output>
          </reporter-output>
        </test-method> <!-- initializeReporters -->
        <test-method is-config="true" signature="setUpTest(org.testng.ITestResult)[pri:0, instance:tests.SampleTest1@10aa41f2]" started-at="2025-02-14T23:10:15 IST" name="setUpTest" finished-at="2025-02-14T23:10:15 IST" duration-ms="7" status="PASS">
          <params>
            <param index="0">
              <value>
                <![CDATA[[TestResult name={null} status=CREATED method=SampleTest1.testCase1()[pri:0, instance:tests.SampleTest1@10aa41f2] output={null}]]]>
              </value>
            </param>
          </params>
          <reporter-output>
          </reporter-output>
        </test-method> <!-- setUpTest -->
        <test-method signature="testCase1()[pri:0, instance:tests.SampleTest1@10aa41f2]" started-at="2025-02-14T23:10:15 IST" name="testCase1" finished-at="2025-02-14T23:10:15 IST" duration-ms="7" status="PASS">
          <reporter-output>
          </reporter-output>
        </test-method> <!-- testCase1 -->
        <test-method is-config="true" signature="getTestStatus(org.testng.ITestResult)[pri:0, instance:tests.SampleTest1@10aa41f2]" started-at="2025-02-14T23:10:15 IST" name="getTestStatus" finished-at="2025-02-14T23:10:15 IST" duration-ms="8" status="PASS">
          <params>
            <param index="0">
              <value>
                <![CDATA[[TestResult name=testCase1 status=SUCCESS method=SampleTest1.testCase1()[pri:0, instance:tests.SampleTest1@10aa41f2] output={null}]]]>
              </value>
            </param>
          </params>
          <reporter-output>
          </reporter-output>
        </test-method> <!-- getTestStatus -->
        <test-method signature="testCase2()[pri:0, instance:tests.SampleTest1@10aa41f2]" started-at="2025-02-14T23:10:15 IST" name="testCase2" finished-at="2025-02-14T23:10:15 IST" duration-ms="3" status="PASS">
          <reporter-output>
          </reporter-output>
        </test-method> <!-- testCase2 -->
        <test-method is-config="true" signature="setUpTest(org.testng.ITestResult)[pri:0, instance:tests.SampleTest1@10aa41f2]" started-at="2025-02-14T23:10:15 IST" name="setUpTest" finished-at="2025-02-14T23:10:15 IST" duration-ms="0" status="PASS">
          <params>
            <param index="0">
              <value>
                <![CDATA[[TestResult name={null} status=CREATED method=SampleTest1.testCase2()[pri:0, instance:tests.SampleTest1@10aa41f2] output={null}]]]>
              </value>
            </param>
          </params>
          <reporter-output>
          </reporter-output>
        </test-method> <!-- setUpTest -->
        <test-method is-config="true" signature="getTestStatus(org.testng.ITestResult)[pri:0, instance:tests.SampleTest1@10aa41f2]" started-at="2025-02-14T23:10:15 IST" name="getTestStatus" finished-at="2025-02-14T23:10:15 IST" duration-ms="1" status="PASS">
          <params>
            <param index="0">
              <value>
                <![CDATA[[TestResult name=testCase2 status=SUCCESS method=SampleTest1.testCase2()[pri:0, instance:tests.SampleTest1@10aa41f2] output={null}]]]>
              </value>
            </param>
          </params>
          <reporter-output>
          </reporter-output>
        </test-method> <!-- getTestStatus -->
        <test-method is-config="true" signature="closeReport()[pri:0, instance:tests.SampleTest1@10aa41f2]" started-at="2025-02-14T23:10:15 IST" name="closeReport" finished-at="2025-02-14T23:10:15 IST" duration-ms="360" status="PASS">
          <reporter-output>
          </reporter-output>
        </test-method> <!-- closeReport -->
      </class> <!-- tests.SampleTest1 -->
    </test> <!-- Test -->
  </suite> <!-- Suite -->
</testng-results>
