<?xml version="1.0" encoding="UTF-8"?>
<!-- Generated by org.testng.reporters.JUnitReportReporter -->
<testsuite hostname="MUTHULAPTOP" failures="0" tests="3" name="tests.MultiplTestCases" time="19.413" errors="0" timestamp="2025-02-12T13:16:33 IST" skipped="0">
  <testcase classname="tests.MultiplTestCases" name="chechNames" time="5.387"/>
  <testcase classname="tests.MultiplTestCases" name="chechName" time="5.942"/>
  <testcase classname="tests.MultiplTestCases" name="chechNaam" time="8.084"/>
</testsuite> <!-- tests.MultiplTestCases -->
