<?xml version="1.0" encoding="UTF-8"?>
<!-- Generated by org.testng.reporters.JUnitReportReporter -->
<testsuite hostname="MUTHULAPTOP" failures="0" tests="3" name="tests.MultiplTestCases" time="22.052" errors="0" timestamp="2025-02-13T16:06:20 IST" skipped="0">
  <testcase classname="tests.MultiplTestCases" name="chechNames" time="4.401"/>
  <testcase classname="tests.MultiplTestCases" name="chechName" time="5.342"/>
  <testcase classname="tests.MultiplTestCases" name="chechNaam" time="12.309"/>
</testsuite> <!-- tests.MultiplTestCases -->
