<?xml version="1.0" encoding="UTF-8"?>
<!-- Generated by org.testng.reporters.JUnitXMLReporter -->
<testsuite ignored="0" hostname="MUTHULAPTOP" failures="0" tests="4" name="Default test" time="6.88" errors="0" timestamp="2025-01-31T15:22:13 IST">
  <testcase classname="tetngclasses.TestNGAnnotations" name="clickButton" time="0.196"/>
  <testcase classname="tetngclasses.TestNGAnnotations" name="testPageTitle" time="0.154"/>
  <testcase classname="tetngclasses.TestNGAnnotations" name="usingTestDataProvider" time="0.003"/>
  <testcase classname="tetngclasses.TestNGAnnotations" name="usingTestDataProvider" time="0.002"/>
</testsuite> <!-- Default test -->
