<?xml version="1.0" encoding="UTF-8"?>
<!-- Generated by org.testng.reporters.JUnitXMLReporter -->
<testsuite ignored="0" hostname="MUTHULAPTOP" failures="0" tests="1" name="Chrome Browser Test" time="1.785" errors="0" timestamp="2025-02-15T02:28:34 IST">
  <testcase classname="tests.Scenario_FullHouseCleaning" name="@BeforeMethod setUp" time="0.056">
    <failure type="java.lang.NullPointerException" message="Cannot invoke &amp;quot;org.testng.ITestResult.getTestClass()&amp;quot; because &amp;quot;result&amp;quot; is null">
      <![CDATA[java.lang.NullPointerException: Cannot invoke "org.testng.ITestResult.getTestClass()" because "result" is null
at utils.BaseReport.setupTestMethod(BaseReport.java:48)
at tests.NoBrokerHomePage.setUp(NoBrokerHomePage.java:30)
at tests.Scenario_FullHouseCleaning.setUp(Scenario_FullHouseCleaning.java:28)
at java.base/java.util.ArrayList.forEach(ArrayList.java:1597)
at java.base/java.util.concurrent.FutureTask.run(FutureTask.java:317)
at java.base/java.util.concurrent.ThreadPoolExecutor.runWorker(ThreadPoolExecutor.java:1144)
at java.base/java.util.concurrent.ThreadPoolExecutor$Worker.run(ThreadPoolExecutor.java:642)
at java.base/java.lang.Thread.run(Thread.java:1575)
... Removed 19 stack frames]]>
    </failure>
  </testcase> <!-- @BeforeMethod setUp -->
  <testcase classname="tests.Scenario_FullHouseCleaning" name="@AfterMethod tearDown" time="0.0">
    <skipped/>
  </testcase> <!-- @AfterMethod tearDown -->
  <testcase classname="utils.BaseReport" name="@AfterMethod captureTestResult" time="0.0">
    <skipped/>
  </testcase> <!-- @AfterMethod captureTestResult -->
  <testcase classname="tests.Scenario_FullHouseCleaning" name="@AfterClass closeReport" time="0.0">
    <skipped/>
  </testcase> <!-- @AfterClass closeReport -->
  <testcase classname="utils.BaseReport" name="@AfterClass tearDown" time="0.0">
    <skipped/>
  </testcase> <!-- @AfterClass tearDown -->
  <testcase classname="tests.Scenario_FullHouseCleaning" name="availFullHouseCleaningService" time="0.0">
    <skipped/>
  </testcase> <!-- availFullHouseCleaningService -->
</testsuite> <!-- Chrome Browser Test -->
