<?xml version="1.0" encoding="UTF-8"?>
<!-- Generated by org.testng.reporters.JUnitXMLReporter -->
<testsuite ignored="2" hostname="MUTHULAPTOP" failures="1" tests="4" name="Test" time="0.167" errors="0" timestamp="2025-02-14T14:36:26 IST">
  <testcase classname="tests.SampleTest1" name="testCase1" time="0.028"/>
  <testcase classname="tests.SampleTest1" name="testCase2" time="0.005">
    <failure type="java.lang.AssertionError" message="Failing testCase2 for testing reporting.">
      <![CDATA[java.lang.AssertionError: Failing testCase2 for testing reporting.
at tests.SampleTest1.testCase2(SampleTest1.java:19)
at java.base/java.util.ArrayList.forEach(ArrayList.java:1597)
... Removed 26 stack frames]]>
    </failure>
  </testcase> <!-- testCase2 -->
  <testcase classname="tests.SampleTest2" name="testCase3" time="0.003"/>
  <testcase classname="tests.SampleTest2" name="testCase4" time="0.001"/>
  <testcase classname="utils.BaseReport" name="@AfterSuite closeReport" time="0.0">
    <ignored/>
  </testcase> <!-- @AfterSuite closeReport -->
  <testcase classname="utils.BaseReport" name="@BeforeSuite initializeReporters" time="0.0">
    <ignored/>
  </testcase> <!-- @BeforeSuite initializeReporters -->
</testsuite> <!-- Test -->
