<?xml version="1.0" encoding="UTF-8"?>
<testng-results ignored="0" total="2" passed="2" failed="0" skipped="0">
  <reporter-output>
  </reporter-output>
  <suite started-at="2025-02-03T12:45:39 IST" name="Suite" finished-at="2025-02-03T12:45:42 IST" duration-ms="3052">
    <groups>
    </groups>
    <test started-at="2025-02-03T12:45:39 IST" name="No Commonsense Test" finished-at="2025-02-03T12:45:42 IST" duration-ms="3052">
      <class name="tetngclasses.AnnotationParameters">
        <test-method is-config="true" signature="click_Radio()[pri:0, instance:tetngclasses.AnnotationParameters@60957c0f]" started-at="2025-02-03T12:45:39 IST" name="click_Radio" finished-at="2025-02-03T12:45:39 IST" duration-ms="194" status="PASS">
          <reporter-output>
          </reporter-output>
        </test-method> <!-- click_Radio -->
        <test-method signature="clickRadio()[pri:1, instance:tetngclasses.AnnotationParameters@60957c0f]" started-at="2025-02-03T12:45:39 IST" name="clickRadio" finished-at="2025-02-03T12:45:40 IST" duration-ms="171" status="PASS">
          <reporter-output>
          </reporter-output>
        </test-method> <!-- clickRadio -->
        <test-method signature="alertMe(java.lang.String)[pri:2, instance:tetngclasses.AnnotationParameters@60957c0f]" started-at="2025-02-03T12:45:40 IST" name="alertMe" data-provider="anyname" finished-at="2025-02-03T12:45:42 IST" duration-ms="2334" status="PASS">
          <params>
            <param index="0">
              <value>
                <![CDATA[something]]>
              </value>
            </param>
          </params>
          <reporter-output>
          </reporter-output>
        </test-method> <!-- alertMe -->
        <test-method is-config="true" signature="tearDown()[pri:0, instance:tetngclasses.AnnotationParameters@60957c0f]" started-at="2025-02-03T12:45:42 IST" name="tearDown" finished-at="2025-02-03T12:45:42 IST" duration-ms="286" status="PASS">
          <reporter-output>
          </reporter-output>
        </test-method> <!-- tearDown -->
      </class> <!-- tetngclasses.AnnotationParameters -->
    </test> <!-- No Commonsense Test -->
  </suite> <!-- Suite -->
</testng-results>
