<?xml version="1.0" encoding="UTF-8"?>
<testng-results ignored="0" total="3" passed="3" failed="0" skipped="0">
  <reporter-output>
  </reporter-output>
  <suite started-at="2025-02-03T15:04:50 IST" name="Suite" finished-at="2025-02-03T15:05:11 IST" duration-ms="21442">
    <groups>
    </groups>
    <test started-at="2025-02-03T15:04:50 IST" name="No Commonsense Test" finished-at="2025-02-03T15:05:11 IST" duration-ms="21442">
      <class name="tetngclasses.AnnotationParameters">
        <test-method is-config="true" signature="click_Radio()[pri:0, instance:tetngclasses.AnnotationParameters@2d36e77e]" started-at="2025-02-03T15:04:50 IST" name="click_Radio" finished-at="2025-02-03T15:04:50 IST" duration-ms="197" status="PASS">
          <reporter-output>
          </reporter-output>
        </test-method> <!-- click_Radio -->
        <test-method signature="clickRadio()[pri:1, instance:tetngclasses.AnnotationParameters@2d36e77e]" started-at="2025-02-03T15:04:50 IST" name="clickRadio" finished-at="2025-02-03T15:04:52 IST" duration-ms="2216" status="PASS">
          <reporter-output>
          </reporter-output>
        </test-method> <!-- clickRadio -->
        <test-method signature="anotherAlert(java.lang.String)[pri:2, instance:tetngclasses.AnnotationParameters@2d36e77e]" started-at="2025-02-03T15:04:52 IST" name="anotherAlert" finished-at="2025-02-03T15:05:02 IST" depends-on-methods="tetngclasses.AnnotationParameters.clickRadio" duration-ms="9332" status="PASS">
          <params>
            <param index="0">
              <value>
                <![CDATA[Muthu]]>
              </value>
            </param>
          </params>
          <reporter-output>
          </reporter-output>
        </test-method> <!-- anotherAlert -->
        <test-method signature="alertMe(java.lang.String)[pri:3, instance:tetngclasses.AnnotationParameters@2d36e77e]" started-at="2025-02-03T15:05:02 IST" name="alertMe" data-provider="anyname" finished-at="2025-02-03T15:05:11 IST" depends-on-methods="tetngclasses.AnnotationParameters.clickRadio" duration-ms="9262" status="PASS">
          <params>
            <param index="0">
              <value>
                <![CDATA[something]]>
              </value>
            </param>
          </params>
          <reporter-output>
          </reporter-output>
        </test-method> <!-- alertMe -->
        <test-method is-config="true" signature="tearDown()[pri:0, instance:tetngclasses.AnnotationParameters@2d36e77e]" started-at="2025-02-03T15:05:11 IST" name="tearDown" finished-at="2025-02-03T15:05:11 IST" duration-ms="366" status="PASS">
          <reporter-output>
          </reporter-output>
        </test-method> <!-- tearDown -->
      </class> <!-- tetngclasses.AnnotationParameters -->
    </test> <!-- No Commonsense Test -->
  </suite> <!-- Suite -->
</testng-results>
